\BOOKMARK [1][-]{section.1}{\376\377\000O\000b\000j\000e\000c\000t\000i\000v\000e}{}% 1
\BOOKMARK [1][-]{section.2}{\376\377\000D\000a\000t\000a\000\040\000D\000e\000s\000c\000r\000i\000p\000t\000i\000o\000n}{}% 2
\BOOKMARK [2][-]{subsection.2.1}{\376\377\000V\000a\000r\000i\000a\000b\000l\000e\000s}{section.2}% 3
\BOOKMARK [2][-]{subsection.2.2}{\376\377\000E\000D\000A\000\040\000P\000a\000r\000t\000s}{section.2}% 4
\BOOKMARK [1][-]{section.3}{\376\377\000D\000a\000t\000a\000-\000p\000r\000e\000p\000r\000o\000c\000e\000s\000s\000i\000n\000g}{}% 5
\BOOKMARK [2][-]{subsection.3.1}{\376\377\000C\000l\000e\000a\000n\000i\000n\000g\000\040\000a\000n\000d\000\040\000e\000n\000c\000o\000d\000i\000n\000g}{section.3}% 6
\BOOKMARK [2][-]{subsection.3.2}{\376\377\000U\000n\000b\000a\000l\000a\000n\000c\000e\000d\000\040\000d\000a\000t\000a\000:\000\040\000S\000m\000o\000t\000e\000N\000C}{section.3}% 7
\BOOKMARK [2][-]{subsection.3.3}{\376\377\000P\000r\000i\000n\000c\000i\000p\000a\000l\000\040\000c\000o\000m\000p\000o\000n\000e\000n\000t\000s\000\040\000f\000o\000r\000\040\000m\000i\000x\000e\000d\000\040\000d\000a\000t\000a\000:\000\040\000F\000A\000M\000D}{section.3}% 8
\BOOKMARK [1][-]{section.4}{\376\377\000M\000o\000d\000e\000l\000s}{}% 9
\BOOKMARK [2][-]{subsection.4.1}{\376\377\000L\000o\000g\000i\000s\000t\000i\000c\000\040\000r\000e\000g\000r\000e\000s\000s\000i\000o\000n}{section.4}% 10
\BOOKMARK [2][-]{subsection.4.2}{\376\377\000A\000r\000t\000i\000f\000i\000c\000i\000a\000l\000\040\000N\000e\000u\000r\000a\000l\000\040\000n\000e\000t\000w\000o\000r\000k}{section.4}% 11
\BOOKMARK [2][-]{subsection.4.3}{\376\377\000R\000a\000n\000d\000o\000m\000\040\000f\000o\000r\000e\000s\000t}{section.4}% 12
\BOOKMARK [2][-]{subsection.4.4}{\376\377\000X\000G\000B\000o\000o\000s\000t}{section.4}% 13
\BOOKMARK [2][-]{subsection.4.5}{\376\377\000S\000V\000M}{section.4}% 14
\BOOKMARK [1][-]{section.5}{\376\377\000C\000o\000n\000c\000l\000u\000s\000i\000o\000n\000s}{}% 15
\BOOKMARK [1][-]{section.6}{\376\377\000P\000r\000o\000b\000l\000e\000m\000\040\000a\000n\000d\000\040\000L\000i\000m\000i\000t\000a\000t\000i\000o\000n\000s}{}% 16
\BOOKMARK [1][-]{section.7}{\376\377\000O\000m\000i\000t\000t\000e\000d\000\040\000v\000a\000r\000i\000a\000b\000l\000e\000s}{}% 17
\BOOKMARK [1][-]{section.8}{\376\377\000R\000e\000f\000e\000r\000e\000n\000c\000e\000s}{}% 18
\BOOKMARK [1][-]{appendix.A}{\376\377\000A\000p\000p\000e\000n\000d\000i\000x\000\040\000A}{}% 19
\BOOKMARK [1][-]{appendix.B}{\376\377\000A\000p\000p\000e\000n\000d\000i\000x\000\040\000B}{}% 20
