This is pdfTeX, Version 3.141592653-2.6-1.40.23 (TeX Live 2022/dev) (preloaded format=pdflatex 2021.9.16)  5 DEC 2021 21:34
entering extended mode
 restricted \write18 enabled.
 file:line:error style messages enabled.
 %&-line parsing enabled.
**paper.tex
(./paper.tex
LaTeX2e <2021-06-01> patch level 1
L3 programming layer <2021-08-27> (./jpp.cls
Document Class: jpp 2006/11/13 v1.27 Journal of Plasma Physics document class
(/usr/local/texlive/2021/texmf-dist/tex/latex/graphics/graphicx.sty
Package: graphicx 2020/12/05 v1.2c Enhanced LaTeX Graphics (DPC,SPQR)

(/usr/local/texlive/2021/texmf-dist/tex/latex/graphics/keyval.sty
Package: keyval 2014/10/28 v1.15 key=value parser (DPC)
\KV@toks@=\toks16
)
(/usr/local/texlive/2021/texmf-dist/tex/latex/graphics/graphics.sty
Package: graphics 2021/03/04 v1.4d Standard LaTeX Graphics (DPC,SPQR)

(/usr/local/texlive/2021/texmf-dist/tex/latex/graphics/trig.sty
Package: trig 2016/01/03 v1.10 sin cos tan (DPC)
)
(/usr/local/texlive/2021/texmf-dist/tex/latex/graphics-cfg/graphics.cfg
File: graphics.cfg 2016/06/04 v1.11 sample graphics configuration
)
Package graphics Info: Driver file: pdftex.def on input line 107.

(/usr/local/texlive/2021/texmf-dist/tex/latex/graphics-def/pdftex.def
File: pdftex.def 2020/10/05 v1.2a Graphics/color driver for pdftex
))
\Gin@req@height=\dimen138
\Gin@req@width=\dimen139
)
(/usr/local/texlive/2021/texmf-dist/tex/latex/etoolbox/etoolbox.sty
Package: etoolbox 2020/10/05 v2.5k e-TeX tools for LaTeX (JAW)
\etb@tempcnta=\count182
)
LaTeX Info: Redefining \textsfbi on input line 183.
LaTeX Font Info:    Redeclaring math alphabet \mathsfbi on input line 183.
LaTeX Font Info:    Overwriting math alphabet `\mathsfbi' in version `normal'
(Font)                  OT1/cmss/m/sl --> T1/phv/b/it on input line 183.
LaTeX Font Info:    Overwriting math alphabet `\mathsfbi' in version `bold'
(Font)                  OT1/cmss/m/sl --> T1/phv/b/it on input line 183.
LaTeX Info: Redefining \textsfbi on input line 187.
LaTeX Font Info:    Redeclaring math alphabet \mathsfbi on input line 187.
LaTeX Font Info:    Overwriting math alphabet `\mathsfbi' in version `normal'
(Font)                  T1/phv/b/it --> OT1/phv/b/it on input line 187.
LaTeX Font Info:    Overwriting math alphabet `\mathsfbi' in version `bold'
(Font)                  T1/phv/b/it --> OT1/phv/b/it on input line 187.
\halflineskip=\skip47
\affilskip=\skip48
\c@part=\count183
\c@section=\count184
\c@subsection=\count185
\c@subsubsection=\count186
\c@paragraph=\count187
\@indentskip=\skip49
\smallindent=\skip50
\@footindent=\skip51
\@leftskip=\skip52
\proofbox=\box50
\rpbdim=\skip53
\@stequation=\toks17
\c@subequation=\count188
\c@table=\count189
\c@figure=\count190
LaTeX Info: Redefining \cite on input line 1152.
\astrutbox=\box51


Found the 'amsbsy' package on the system, using it.

(/usr/local/texlive/2021/texmf-dist/tex/latex/amsmath/amsbsy.sty
Package: amsbsy 1999/11/29 v1.2d Bold Symbols

(/usr/local/texlive/2021/texmf-dist/tex/latex/amsmath/amsgen.sty
File: amsgen.sty 1999/11/30 v2.0 generic functions
\@emptytoks=\toks18
\ex@=\dimen140
)
\pmbraise@=\dimen141
)


Found AMS Euler Roman fonts on the system, but you dont seem to have the
'upmath' package installed. jpp.cls can take advantage of these fonts,
if you use 'upmath' package.




Found AMS Symbol fonts on the system, using the 'amssymb' package.

(/usr/local/texlive/2021/texmf-dist/tex/latex/amsfonts/amssymb.sty
Package: amssymb 2013/01/14 v3.01 AMS font symbols

(/usr/local/texlive/2021/texmf-dist/tex/latex/amsfonts/amsfonts.sty
Package: amsfonts 2013/01/14 v3.01 Basic AMSFonts support
\symAMSa=\mathgroup4
\symAMSb=\mathgroup5
LaTeX Font Info:    Redeclaring math symbol \hbar on input line 98.
LaTeX Font Info:    Overwriting math alphabet `\mathfrak' in version `bold'
(Font)                  U/euf/m/n --> U/euf/b/n on input line 106.
)))
(/usr/local/texlive/2021/texmf-dist/tex/latex/caption/caption.sty
Package: caption 2020/10/26 v3.5g Customizing captions (AR)

(/usr/local/texlive/2021/texmf-dist/tex/latex/caption/caption3.sty
Package: caption3 2020/10/21 v2.2e caption3 kernel (AR)
\captionmargin=\dimen142
\captionmargin@=\dimen143
\captionwidth=\dimen144
\caption@tempdima=\dimen145
\caption@indent=\dimen146
\caption@parindent=\dimen147
\caption@hangindent=\dimen148
\abovecaptionskip=\skip54
\belowcaptionskip=\skip55
Package caption Info: Unknown document class (or package),
(caption)             standard defaults will be used.
Package caption Info: \@makecaption = \long macro:#1#2->\ifbot@fig \rule {\text
width }{.25pt}\fi \vskip 5\p@ \@plus .4\p@ \@minus .4\p@ \begingroup \small \se
tbox \@tempboxa \hbox {{\normalfont \scshape #1\ifrem@fullpt \else .\fi } #2}\i
fdim \wd \@tempboxa >\tw@ \hsize \unhbox \@tempboxa \par \else {\centering \unh
box \@tempboxa \par }\fi \endgroup \global \rem@fullptfalse \global \bot@figfal
se  on input line 1139.
)

Package caption Warning: Unknown document class (or package),
(caption)                standard defaults will be used.
See the caption package documentation for explanation.

\c@caption@flags=\count191
\c@continuedfloat=\count192
) (/usr/local/texlive/2021/texmf-dist/tex/latex/listings/listings.sty
\lst@mode=\count193
\lst@gtempboxa=\box52
\lst@token=\toks19
\lst@length=\count194
\lst@currlwidth=\dimen149
\lst@column=\count195
\lst@pos=\count196
\lst@lostspace=\dimen150
\lst@width=\dimen151
\lst@newlines=\count197
\lst@lineno=\count198
\lst@maxwidth=\dimen152

(/usr/local/texlive/2021/texmf-dist/tex/latex/listings/lstmisc.sty
File: lstmisc.sty 2020/03/24 1.8d (Carsten Heinz)
\c@lstnumber=\count199
\lst@skipnumbers=\count266
\lst@framebox=\box53
)
(/usr/local/texlive/2021/texmf-dist/tex/latex/listings/listings.cfg
File: listings.cfg 2020/03/24 1.8d listings configuration
))
Package: listings 2020/03/24 1.8d (Carsten Heinz)

(/usr/local/texlive/2021/texmf-dist/tex/latex/hyperref/hyperref.sty
Package: hyperref 2021-06-07 v7.00m Hypertext links for LaTeX

(/usr/local/texlive/2021/texmf-dist/tex/generic/ltxcmds/ltxcmds.sty
Package: ltxcmds 2020-05-10 v1.25 LaTeX kernel commands for general use (HO)
)
(/usr/local/texlive/2021/texmf-dist/tex/generic/iftex/iftex.sty
Package: iftex 2020/03/06 v1.0d TeX engine tests
)
(/usr/local/texlive/2021/texmf-dist/tex/generic/pdftexcmds/pdftexcmds.sty
Package: pdftexcmds 2020-06-27 v0.33 Utility functions of pdfTeX for LuaTeX (HO
)

(/usr/local/texlive/2021/texmf-dist/tex/generic/infwarerr/infwarerr.sty
Package: infwarerr 2019/12/03 v1.5 Providing info/warning/error messages (HO)
)
Package pdftexcmds Info: \pdf@primitive is available.
Package pdftexcmds Info: \pdf@ifprimitive is available.
Package pdftexcmds Info: \pdfdraftmode found.
)
(/usr/local/texlive/2021/texmf-dist/tex/generic/kvsetkeys/kvsetkeys.sty
Package: kvsetkeys 2019/12/15 v1.18 Key value parser (HO)
)
(/usr/local/texlive/2021/texmf-dist/tex/generic/kvdefinekeys/kvdefinekeys.sty
Package: kvdefinekeys 2019-12-19 v1.6 Define keys (HO)
)
(/usr/local/texlive/2021/texmf-dist/tex/generic/pdfescape/pdfescape.sty
Package: pdfescape 2019/12/09 v1.15 Implements pdfTeX's escape features (HO)
)
(/usr/local/texlive/2021/texmf-dist/tex/latex/hycolor/hycolor.sty
Package: hycolor 2020-01-27 v1.10 Color options for hyperref/bookmark (HO)
)
(/usr/local/texlive/2021/texmf-dist/tex/latex/letltxmacro/letltxmacro.sty
Package: letltxmacro 2019/12/03 v1.6 Let assignment for LaTeX macros (HO)
)
(/usr/local/texlive/2021/texmf-dist/tex/latex/auxhook/auxhook.sty
Package: auxhook 2019-12-17 v1.6 Hooks for auxiliary files (HO)
)
(/usr/local/texlive/2021/texmf-dist/tex/latex/kvoptions/kvoptions.sty
Package: kvoptions 2020-10-07 v3.14 Key value format for package options (HO)
)
\@linkdim=\dimen153
\Hy@linkcounter=\count267
\Hy@pagecounter=\count268

(/usr/local/texlive/2021/texmf-dist/tex/latex/hyperref/pd1enc.def
File: pd1enc.def 2021-06-07 v7.00m Hyperref: PDFDocEncoding definition (HO)
Now handling font encoding PD1 ...
... no UTF-8 mapping file for font encoding PD1
)
(/usr/local/texlive/2021/texmf-dist/tex/latex/hyperref/hyperref-langpatches.def
File: hyperref-langpatches.def 2021-06-07 v7.00m Hyperref: patches for babel la
nguages
) (/usr/local/texlive/2021/texmf-dist/tex/generic/intcalc/intcalc.sty
Package: intcalc 2019/12/15 v1.3 Expandable calculations with integers (HO)
)
(/usr/local/texlive/2021/texmf-dist/tex/generic/etexcmds/etexcmds.sty
Package: etexcmds 2019/12/15 v1.7 Avoid name clashes with e-TeX commands (HO)
)
\Hy@SavedSpaceFactor=\count269

(/usr/local/texlive/2021/texmf-dist/tex/latex/hyperref/puenc.def
File: puenc.def 2021-06-07 v7.00m Hyperref: PDF Unicode definition (HO)
Now handling font encoding PU ...
... no UTF-8 mapping file for font encoding PU
)
Package hyperref Info: Hyper figures OFF on input line 4192.
Package hyperref Info: Link nesting OFF on input line 4197.
Package hyperref Info: Hyper index ON on input line 4200.
Package hyperref Info: Plain pages OFF on input line 4207.
Package hyperref Info: Backreferencing OFF on input line 4212.
Package hyperref Info: Implicit mode ON; LaTeX internals redefined.
Package hyperref Info: Bookmarks ON on input line 4445.
\c@Hy@tempcnt=\count270

(/usr/local/texlive/2021/texmf-dist/tex/latex/url/url.sty
\Urlmuskip=\muskip16
Package: url 2013/09/16  ver 3.4  Verb mode for urls, etc.
)
LaTeX Info: Redefining \url on input line 4804.
\XeTeXLinkMargin=\dimen154

(/usr/local/texlive/2021/texmf-dist/tex/generic/bitset/bitset.sty
Package: bitset 2019/12/09 v1.3 Handle bit-vector datatype (HO)

(/usr/local/texlive/2021/texmf-dist/tex/generic/bigintcalc/bigintcalc.sty
Package: bigintcalc 2019/12/15 v1.5 Expandable calculations on big integers (HO
)
))
\Fld@menulength=\count271
\Field@Width=\dimen155
\Fld@charsize=\dimen156
Package hyperref Info: Hyper figures OFF on input line 6076.
Package hyperref Info: Link nesting OFF on input line 6081.
Package hyperref Info: Hyper index ON on input line 6084.
Package hyperref Info: backreferencing OFF on input line 6091.
Package hyperref Info: Link coloring OFF on input line 6096.
Package hyperref Info: Link coloring with OCG OFF on input line 6101.
Package hyperref Info: PDF/A mode OFF on input line 6106.
LaTeX Info: Redefining \ref on input line 6146.
LaTeX Info: Redefining \pageref on input line 6150.

(/usr/local/texlive/2021/texmf-dist/tex/latex/base/atbegshi-ltx.sty
Package: atbegshi-ltx 2021/01/10 v1.0c Emulation of the original atbegshi
package with kernel methods
)
\Hy@abspage=\count272
\c@Item=\count273
\c@Hfootnote=\count274
)
Package hyperref Info: Driver (autodetected): hpdftex.

(/usr/local/texlive/2021/texmf-dist/tex/latex/hyperref/hpdftex.def
File: hpdftex.def 2021-06-07 v7.00m Hyperref driver for pdfTeX

(/usr/local/texlive/2021/texmf-dist/tex/latex/base/atveryend-ltx.sty
Package: atveryend-ltx 2020/08/19 v1.0a Emulation of the original atvery packag
e
with kernel methods
)
\Fld@listcount=\count275
\c@bookmark@seq@number=\count276

(/usr/local/texlive/2021/texmf-dist/tex/latex/rerunfilecheck/rerunfilecheck.sty
Package: rerunfilecheck 2019/12/05 v1.9 Rerun checks for auxiliary files (HO)

(/usr/local/texlive/2021/texmf-dist/tex/generic/uniquecounter/uniquecounter.sty
Package: uniquecounter 2019/12/15 v1.4 Provide unlimited unique counter (HO)
)
Package uniquecounter Info: New unique counter `rerunfilecheck' on input line 2
86.
)
\Hy@SectionHShift=\skip56
) (/usr/local/texlive/2021/texmf-dist/tex/latex/caption/subcaption.sty
Package: subcaption 2020/10/07 v1.3j Sub-captions (AR)
\c@subfigure=\count277
\c@subtable=\count278
)
(/usr/local/texlive/2021/texmf-dist/tex/latex/tools/longtable.sty
Package: longtable 2021-05-07 v4.16 Multi-page Table package (DPC)
\LTleft=\skip57
\LTright=\skip58
\LTpre=\skip59
\LTpost=\skip60
\LTchunksize=\count279
\LTcapwidth=\dimen157
\LT@head=\box54
\LT@firsthead=\box55
\LT@foot=\box56
\LT@lastfoot=\box57
\LT@gbox=\box58
\LT@cols=\count280
\LT@rows=\count281
\c@LT@tables=\count282
\c@LT@chunks=\count283
\LT@p@ftn=\toks20
)
Package hyperref Info: Option `colorlinks' set `true' on input line 19.
Package hyperref Info: Option `breaklinks' set `true' on input line 19.

(/usr/local/texlive/2021/texmf-dist/tex/latex/base/inputenc.sty
Package: inputenc 2021/02/14 v1.3d Input encoding file
\inpenc@prehook=\toks21
\inpenc@posthook=\toks22
)
(/usr/local/texlive/2021/texmf-dist/tex/latex/base/fontenc.sty
Package: fontenc 2021/04/29 v2.0v Standard LaTeX package
)
(/usr/local/texlive/2021/texmf-dist/tex/latex/amsmath/amsmath.sty
Package: amsmath 2021/04/20 v2.17j AMS math features
\@mathmargin=\skip61

For additional information on amsmath, use the `?' option.
(/usr/local/texlive/2021/texmf-dist/tex/latex/amsmath/amstext.sty
Package: amstext 2000/06/29 v2.01 AMS text
)
(/usr/local/texlive/2021/texmf-dist/tex/latex/amsmath/amsopn.sty
Package: amsopn 2016/03/08 v2.02 operator names
)
\inf@bad=\count284
LaTeX Info: Redefining \frac on input line 234.
\uproot@=\count285
\leftroot@=\count286
LaTeX Info: Redefining \overline on input line 399.
\classnum@=\count287
\DOTSCASE@=\count288
LaTeX Info: Redefining \ldots on input line 496.
LaTeX Info: Redefining \dots on input line 499.
LaTeX Info: Redefining \cdots on input line 620.
\Mathstrutbox@=\box59
\strutbox@=\box60
\big@size=\dimen158
LaTeX Font Info:    Redeclaring font encoding OML on input line 743.
LaTeX Font Info:    Redeclaring font encoding OMS on input line 744.
\macc@depth=\count289
\c@MaxMatrixCols=\count290
\dotsspace@=\muskip17
\c@parentequation=\count291
\dspbrk@lvl=\count292
\tag@help=\toks23
\row@=\count293
\column@=\count294
\maxfields@=\count295
\andhelp@=\toks24
\eqnshift@=\dimen159
\alignsep@=\dimen160
\tagshift@=\dimen161
\tagwidth@=\dimen162
\totwidth@=\dimen163
\lineht@=\dimen164
\@envbody=\toks25
\multlinegap=\skip62
\multlinetaggap=\skip63
\mathdisplay@stack=\toks26
LaTeX Info: Redefining \[ on input line 2923.
LaTeX Info: Redefining \] on input line 2924.
)
\c@lemma=\count296
\c@corollary=\count297

(/usr/local/texlive/2021/texmf-dist/tex/latex/natbib/natbib.sty
Package: natbib 2010/09/13 8.31b (PWD, AO)
\bibhang=\skip64
\bibsep=\skip65
LaTeX Info: Redefining \cite on input line 694.
\c@NAT@ctr=\count298
)
(/usr/local/texlive/2021/texmf-dist/tex/latex/l3backend/l3backend-pdftex.def
File: l3backend-pdftex.def 2021-08-04 L3 backend support: PDF output (pdfTeX)
\l__color_backend_stack_int=\count299
\l__pdf_internal_box=\box61
)
(./paper.aux

LaTeX Warning: Label `EDA' multiply defined.

)
\openout1 = `paper.aux'.

LaTeX Font Info:    Checking defaults for OML/cmm/m/it on input line 51.
LaTeX Font Info:    ... okay on input line 51.
LaTeX Font Info:    Checking defaults for OMS/cmsy/m/n on input line 51.
LaTeX Font Info:    ... okay on input line 51.
LaTeX Font Info:    Checking defaults for OT1/cmr/m/n on input line 51.
LaTeX Font Info:    ... okay on input line 51.
LaTeX Font Info:    Checking defaults for T1/cmr/m/n on input line 51.
LaTeX Font Info:    ... okay on input line 51.
LaTeX Font Info:    Checking defaults for TS1/cmr/m/n on input line 51.
LaTeX Font Info:    ... okay on input line 51.
LaTeX Font Info:    Checking defaults for OMX/cmex/m/n on input line 51.
LaTeX Font Info:    ... okay on input line 51.
LaTeX Font Info:    Checking defaults for U/cmr/m/n on input line 51.
LaTeX Font Info:    ... okay on input line 51.
LaTeX Font Info:    Checking defaults for PD1/pdf/m/n on input line 51.
LaTeX Font Info:    ... okay on input line 51.
LaTeX Font Info:    Checking defaults for PU/pdf/m/n on input line 51.
LaTeX Font Info:    ... okay on input line 51.
 (/usr/local/texlive/2021/texmf-dist/tex/context/base/mkii/supp-pdf.mkii
[Loading MPS to PDF converter (version 2006.09.02).]
\scratchcounter=\count300
\scratchdimen=\dimen165
\scratchbox=\box62
\nofMPsegments=\count301
\nofMParguments=\count302
\everyMPshowfont=\toks27
\MPscratchCnt=\count303
\MPscratchDim=\dimen166
\MPnumerator=\count304
\makeMPintoPDFobject=\count305
\everyMPtoPDFconversion=\toks28
) (/usr/local/texlive/2021/texmf-dist/tex/latex/epstopdf-pkg/epstopdf-base.sty
Package: epstopdf-base 2020-01-24 v2.11 Base part for package epstopdf
Package epstopdf-base Info: Redefining graphics rule for `.eps' on input line 4
85.

(/usr/local/texlive/2021/texmf-dist/tex/latex/latexconfig/epstopdf-sys.cfg
File: epstopdf-sys.cfg 2010/07/13 v1.3 Configuration of (r)epstopdf for TeX Liv
e
))
Package caption Info: Begin \AtBeginDocument code.
Package caption Info: hyperref package is loaded.
Package caption Info: listings package is loaded.
Package caption Info: longtable package is loaded.

(/usr/local/texlive/2021/texmf-dist/tex/latex/caption/ltcaption.sty
Package: ltcaption 2020/05/30 v1.4b longtable captions (AR)
)
Package caption Info: End \AtBeginDocument code.
\c@lstlisting=\count306


Package hyperref Warning: Height of page (\paperheight) is invalid (0.0pt),
(hyperref)                using 11in.

(/usr/local/texlive/2021/texmf-dist/tex/latex/graphics/color.sty
Package: color 2020/02/24 v1.2b Standard LaTeX Color (DPC)

(/usr/local/texlive/2021/texmf-dist/tex/latex/graphics-cfg/color.cfg
File: color.cfg 2016/01/02 v1.6 sample color configuration
)
Package color Info: Driver file: pdftex.def on input line 149.
)
Package hyperref Info: Link coloring ON on input line 51.

(/usr/local/texlive/2021/texmf-dist/tex/latex/hyperref/nameref.sty
Package: nameref 2021-04-02 v2.47 Cross-referencing by name of section

(/usr/local/texlive/2021/texmf-dist/tex/latex/refcount/refcount.sty
Package: refcount 2019/12/15 v3.6 Data extraction from label references (HO)
)
(/usr/local/texlive/2021/texmf-dist/tex/generic/gettitlestring/gettitlestring.s
ty
Package: gettitlestring 2019/12/15 v1.6 Cleanup title references (HO)
)
\c@section@level=\count307
)
LaTeX Info: Redefining \ref on input line 51.
LaTeX Info: Redefining \pageref on input line 51.
LaTeX Info: Redefining \nameref on input line 51.
 (./paper.out) (./paper.out)
\@outlinefile=\write3
\openout3 = `paper.out'.

LaTeX Font Info:    Trying to load font information for U+msa on input line 54.


(/usr/local/texlive/2021/texmf-dist/tex/latex/amsfonts/umsa.fd
File: umsa.fd 2013/01/14 v3.01 AMS symbols A
)
LaTeX Font Info:    Trying to load font information for U+msb on input line 54.


(/usr/local/texlive/2021/texmf-dist/tex/latex/amsfonts/umsb.fd
File: umsb.fd 2013/01/14 v3.01 AMS symbols B
)
Overfull \hbox (3.50893pt too wide) in paragraph at lines 123--123
[]|\T1/cmr/m/n/10 Applicant_ethnicity| 
 []


Underfull \hbox (badness 6284) in paragraph at lines 129--129
[]|\T1/cmr/m/n/10 Co-applicant Eth-
 []


Underfull \hbox (badness 2302) in paragraph at lines 154--154
[]|\T1/cmr/m/n/10 Number of owner
 []


Overfull \hbox (7.42464pt too wide) in paragraph at lines 161--161
[]|\T1/cmr/m/n/10 Minority_population| 
 []


Underfull \hbox (badness 10000) has occurred while \output is active

 []

[1{/usr/local/texlive/2021/texmf-var/fonts/map/pdftex/updmap/pdftex.map}
Non-PDF special ignored!
<special> papersize=174mm,247mm
] [2] [3]
<before_scale.png, id=118, 242.9075pt x 140.525pt>
File: before_scale.png Graphic file (type png)
<use before_scale.png>
Package pdftex.def Info: before_scale.png  used on input line 207.
(pdftex.def)             Requested size: 172.79883pt x 99.96642pt.
<after_scale.png, id=120, 281.05pt x 151.56625pt>
File: after_scale.png Graphic file (type png)
<use after_scale.png>
Package pdftex.def Info: after_scale.png  used on input line 213.
(pdftex.def)             Requested size: 172.79883pt x 93.1884pt.

Overfull \hbox (2.05505pt too wide) in paragraph at lines 204--216
[]$[]$ $[]$ 
 []

[4]
<smote.png, id=135, 417.56pt x 202.7575pt>
File: smote.png Graphic file (type png)
<use smote.png>
Package pdftex.def Info: smote.png  used on input line 231.
(pdftex.def)             Requested size: 345.59766pt x 167.8246pt.
LaTeX Font Info:    Trying to load font information for T1+cmtt on input line 2
33.
 (/usr/local/texlive/2021/texmf-dist/tex/latex/base/t1cmtt.fd
File: t1cmtt.fd 2019/12/16 v2.5j Standard LaTeX font definitions
) [5 <./before_scale.png> <./after_scale.png> <./smote.png>]
<gvif.png, id=148, 417.56pt x 254.9525pt>
File: gvif.png Graphic file (type png)
<use gvif.png>
Package pdftex.def Info: gvif.png  used on input line 250.
(pdftex.def)             Requested size: 345.59766pt x 211.02696pt.
 [6 <./gvif.png>]
<logistic1.png, id=159, 341.275pt x 200.75pt>
File: logistic1.png Graphic file (type png)
<use logistic1.png>
Package pdftex.def Info: logistic1.png  used on input line 277.
(pdftex.def)             Requested size: 172.79883pt x 101.64597pt.
<logistic2.png, id=160, 250.9375pt x 200.75pt>
File: logistic2.png Graphic file (type png)
<use logistic2.png>
Package pdftex.def Info: logistic2.png  used on input line 283.
(pdftex.def)             Requested size: 172.79883pt x 138.24501pt.

Overfull \hbox (2.05505pt too wide) in paragraph at lines 274--286
[]$[]$ $[]$ 
 []

[7 <./logistic1.png> <./logistic2.png>]
<interaction1.png, id=170, 152.57pt x 158.5925pt>
File: interaction1.png Graphic file (type png)
<use interaction1.png>
Package pdftex.def Info: interaction1.png  used on input line 306.
(pdftex.def)             Requested size: 164.161pt x 170.64813pt.
<interaction2.png, id=171, 152.57pt x 158.5925pt>
File: interaction2.png Graphic file (type png)
<use interaction2.png>
Package pdftex.def Info: interaction2.png  used on input line 312.
(pdftex.def)             Requested size: 164.161pt x 170.64813pt.
<interaction3.png, id=172, 152.57pt x 161.60374pt>
File: interaction3.png Graphic file (type png)
<use interaction3.png>
Package pdftex.def Info: interaction3.png  used on input line 318.
(pdftex.def)             Requested size: 164.161pt x 173.8883pt.
<interaction4.png, id=173, 152.57pt x 161.60374pt>
File: interaction4.png Graphic file (type png)
<use interaction4.png>
Package pdftex.def Info: interaction4.png  used on input line 324.
(pdftex.def)             Requested size: 164.161pt x 173.8883pt.

Underfull \hbox (badness 10000) in paragraph at lines 303--327
[]$[]$ $[]$
 []

<logistic_FAMD1.png, id=175, 338.26375pt x 197.73875pt>
File: logistic_FAMD1.png Graphic file (type png)
<use logistic_FAMD1.png>
Package pdftex.def Info: logistic_FAMD1.png  used on input line 337.
(pdftex.def)             Requested size: 172.79883pt x 101.01439pt.
<logistic_FAMD2.png, id=176, 177.66376pt x 188.705pt>
File: logistic_FAMD2.png Graphic file (type png)
<use logistic_FAMD2.png>
Package pdftex.def Info: logistic_FAMD2.png  used on input line 343.
(pdftex.def)             Requested size: 172.79883pt x 183.54463pt.

Overfull \hbox (2.05505pt too wide) in paragraph at lines 334--346
[]$[]$ $[]$ 
 []


Underfull \vbox (badness 10000) has occurred while \output is active []

 [8 <./interaction1.png> <./interaction2.png> <./interaction3.png> <./interacti
on4.png>]
<nn_structure.png, id=189, 417.56pt x 288.07625pt>
File: nn_structure.png Graphic file (type png)
<use nn_structure.png>
Package pdftex.def Info: nn_structure.png  used on input line 358.
(pdftex.def)             Requested size: 345.59766pt x 238.44386pt.
<nn_results.png, id=191, 308.15125pt x 411.5375pt>
File: nn_results.png Graphic file (type png)
<use nn_results.png>
Package pdftex.def Info: nn_results.png  used on input line 367.
(pdftex.def)             Requested size: 345.59766pt x 461.58449pt.
<rf_try.png, id=194, 417.56pt x 145.54375pt>
File: rf_try.png Graphic file (type png)
<use rf_try.png>
Package pdftex.def Info: rf_try.png  used on input line 382.
(pdftex.def)             Requested size: 345.59766pt x 120.46814pt.
<mtry_results.png, id=195, 417.56pt x 38.1425pt>
File: mtry_results.png Graphic file (type png)
<use mtry_results.png>
Package pdftex.def Info: mtry_results.png  used on input line 389.
(pdftex.def)             Requested size: 345.59766pt x 31.57095pt.

[9 <./logistic_FAMD1.png> <./logistic_FAMD2.png>]
<xgboost_importance.png, id=207, 417.56pt x 217.81375pt>
File: xgboost_importance.png Graphic file (type png)
<use xgboost_importance.png>
Package pdftex.def Info: xgboost_importance.png  used on input line 408.
(pdftex.def)             Requested size: 345.59766pt x 180.28682pt.
 [10 <./nn_structure.png>]
[11 <./nn_results.png>]
<svm.jpg, id=220, 823.075pt x 485.815pt>
File: svm.jpg Graphic file (type jpg)
<use svm.jpg>
Package pdftex.def Info: svm.jpg  used on input line 427.
(pdftex.def)             Requested size: 345.59766pt x 203.98901pt.
 [12 <./rf_try.png> <./mtry_results.png> <./xgboost_importance.png>]
<svm_cost.png, id=229, 417.56pt x 123.46124pt>
File: svm_cost.png Graphic file (type png)
<use svm_cost.png>
Package pdftex.def Info: svm_cost.png  used on input line 436.
(pdftex.def)             Requested size: 345.59766pt x 102.1902pt.

Underfull \vbox (badness 2119) has occurred while \output is active []

 [13 <./svm.jpg> <./svm_cost.png>]
<svm_results.png, id=240, 417.56pt x 201.75375pt>
File: svm_results.png Graphic file (type png)
<use svm_results.png>
Package pdftex.def Info: svm_results.png  used on input line 447.
(pdftex.def)             Requested size: 345.59766pt x 166.99379pt.
 [14 <./svm_results.png>]
Overfull \hbox (4.7969pt too wide) in alignment at lines 474--478
 [] [] 
 []


Overfull \hbox (4.7969pt too wide) in alignment at lines 478--483
 [] [] 
 []


Overfull \hbox (4.7969pt too wide) in alignment at lines 483--486
 [] [] 
 []


Overfull \hbox (4.7969pt too wide) in alignment at lines 486--489
 [] [] 
 []


Overfull \hbox (4.7969pt too wide) in alignment at lines 489--514
 [] [] 
 []

[15] [16]
Underfull \hbox (badness 10000) in paragraph at lines 529--530
\T1/cmtt/m/n/10 gov / ask -[] cfpb / what -[] is -[] a -[] loan -[] to -[] valu
e -[] ratio -[] and -[] how -[] does -[] it -[] relate -[] to -[]
 []


Underfull \hbox (badness 1430) in paragraph at lines 531--532
[]\T1/cmr/m/n/10 Pupale, Rushikesh. "Sup-port Vec-tor Ma-chines(Svm) - an Overv
iew." To-wards
 []


Underfull \hbox (badness 1796) in paragraph at lines 533--534
[]\T1/cmr/m/n/10 Thangavelu, Poonku-lali. "How the Fed-eral Re-serve Af-fects M
ort-gage Rates?"
 []


Underfull \hbox (badness 2529) in paragraph at lines 535--536
[]\T1/cmr/m/n/10 Wells Fargo, "How Your Credit Score Is Cal-cu-lated." Wells Fa
rgo, [][]$\T1/cmtt/m/n/10 https :
 []


Underfull \hbox (badness 10000) in paragraph at lines 535--536
\T1/cmtt/m/n/10 / / www . wellsfargo . com / financial -[] education / credit -
[] management / calculate -[]
 []

<EDA1.png, id=263, 309.155pt x 234.8775pt>
File: EDA1.png Graphic file (type png)
<use EDA1.png>
Package pdftex.def Info: EDA1.png  used on input line 547.
(pdftex.def)             Requested size: 172.79883pt x 131.28679pt.
<EDA2.png, id=264, 301.125pt x 191.71625pt>
File: EDA2.png Graphic file (type png)
<use EDA2.png>
Package pdftex.def Info: EDA2.png  used on input line 553.
(pdftex.def)             Requested size: 172.79883pt x 110.0195pt.
<EDA3.png, id=265, 300.12125pt x 188.705pt>
File: EDA3.png Graphic file (type png)
<use EDA3.png>
Package pdftex.def Info: EDA3.png  used on input line 559.
(pdftex.def)             Requested size: 172.79883pt x 108.65137pt.
<EDA4.png, id=266, 284.06125pt x 188.705pt>
File: EDA4.png Graphic file (type png)
<use EDA4.png>
Package pdftex.def Info: EDA4.png  used on input line 565.
(pdftex.def)             Requested size: 172.79883pt x 114.79602pt.
<EDA5.png, id=267, 291.0875pt x 178.6675pt>
File: EDA5.png Graphic file (type png)
<use EDA5.png>
Package pdftex.def Info: EDA5.png  used on input line 571.
(pdftex.def)             Requested size: 172.79883pt x 106.06447pt.
<EDA6.png, id=268, 270.00874pt x 166.6225pt>
File: EDA6.png Graphic file (type png)
<use EDA6.png>
Package pdftex.def Info: EDA6.png  used on input line 577.
(pdftex.def)             Requested size: 172.79883pt x 106.63548pt.
<EDA7.png, id=269, 283.0575pt x 190.7125pt>
File: EDA7.png Graphic file (type png)
<use EDA7.png>
Package pdftex.def Info: EDA7.png  used on input line 583.
(pdftex.def)             Requested size: 172.79883pt x 116.42757pt.
<EDA8.png, id=270, 316.18124pt x 184.69pt>
File: EDA8.png Graphic file (type png)
<use EDA8.png>
Package pdftex.def Info: EDA8.png  used on input line 589.
(pdftex.def)             Requested size: 172.79883pt x 100.93726pt.

Overfull \hbox (2.05505pt too wide) in paragraph at lines 544--592
[]$[]$ $[]$
 []


Overfull \hbox (2.05505pt too wide) in paragraph at lines 544--592
[]$ $[]$
 []


Overfull \hbox (2.05505pt too wide) in paragraph at lines 544--592
[]$ $[]$
 []


Overfull \hbox (2.05505pt too wide) in paragraph at lines 544--592
[]$ $[]$ 
 []

<EDA9.png, id=271, 417.56pt x 261.97874pt>
File: EDA9.png Graphic file (type png)
<use EDA9.png>
Package pdftex.def Info: EDA9.png  used on input line 598.
(pdftex.def)             Requested size: 345.59766pt x 216.84268pt.
[17

] [18 <./EDA1.png> <./EDA2.png> <./EDA3.png> <./EDA4.png> <./EDA5.png> <./EDA6.
png> <./EDA7.png> <./EDA8.png>] [19 <./EDA9.png>]
(/usr/local/texlive/2021/texmf-dist/tex/latex/listings/lstlang1.sty
File: lstlang1.sty 2020/03/24 1.8d listings language file
)
(/usr/local/texlive/2021/texmf-dist/tex/latex/listings/lstlang2.sty
File: lstlang2.sty 2020/03/24 1.8d listings language file
)
(/usr/local/texlive/2021/texmf-dist/tex/latex/listings/lstlang3.sty
File: lstlang3.sty 2020/03/24 1.8d listings language file
)
LaTeX Font Info:    Font shape `T1/cmtt/bx/n' in size <10> not available
(Font)              Font shape `T1/cmtt/m/n' tried instead on input line 605.
 [20

]
[21]
Underfull \vbox (badness 10000) has occurred while \output is active []

 [22]
[23] [24]
Underfull \vbox (badness 10000) has occurred while \output is active []

 [25]
[26] [27] [28] [29] (./paper.aux)

LaTeX Warning: There were multiply-defined labels.

Package rerunfilecheck Info: File `paper.out' has not changed.
(rerunfilecheck)             Checksum: 36BB8A451FD6D9A1E28479D6B41C084F;2578.
 ) 
Here is how much of TeX's memory you used:
 14775 strings out of 478599
 211897 string characters out of 5854086
 1243719 words of memory out of 5000000
 31999 multiletter control sequences out of 15000+600000
 421312 words of font info for 74 fonts, out of 8000000 for 9000
 1141 hyphenation exceptions out of 8191
 72i,10n,80p,1740b,2580s stack positions out of 5000i,500n,10000p,200000b,80000s
{/usr/local/texlive/2021/texmf-dist/fonts/enc/dvips/cm-super/cm-super-t1.enc}
</usr/local/texlive/2021/texmf-dist/fonts/type1/public/amsfonts/cm/cmmi10.pfb><
/usr/local/texlive/2021/texmf-dist/fonts/type1/public/amsfonts/cm/cmmi5.pfb></u
sr/local/texlive/2021/texmf-dist/fonts/type1/public/amsfonts/cm/cmmi7.pfb></usr
/local/texlive/2021/texmf-dist/fonts/type1/public/amsfonts/cm/cmr10.pfb></usr/l
ocal/texlive/2021/texmf-dist/fonts/type1/public/amsfonts/cm/cmr5.pfb></usr/loca
l/texlive/2021/texmf-dist/fonts/type1/public/amsfonts/cm/cmsy10.pfb></usr/local
/texlive/2021/texmf-dist/fonts/type1/public/amsfonts/cm/cmsy5.pfb></usr/local/t
exlive/2021/texmf-dist/fonts/type1/public/cm-super/sfbx0800.pfb></usr/local/tex
live/2021/texmf-dist/fonts/type1/public/cm-super/sfbx1000.pfb></usr/local/texli
ve/2021/texmf-dist/fonts/type1/public/cm-super/sfbx1095.pfb></usr/local/texlive
/2021/texmf-dist/fonts/type1/public/cm-super/sfbx1728.pfb></usr/local/texlive/2
021/texmf-dist/fonts/type1/public/cm-super/sfit1000.pfb></usr/local/texlive/202
1/texmf-dist/fonts/type1/public/cm-super/sfrm0600.pfb></usr/local/texlive/2021/
texmf-dist/fonts/type1/public/cm-super/sfrm0900.pfb></usr/local/texlive/2021/te
xmf-dist/fonts/type1/public/cm-super/sfrm1000.pfb></usr/local/texlive/2021/texm
f-dist/fonts/type1/public/cm-super/sfti0800.pfb></usr/local/texlive/2021/texmf-
dist/fonts/type1/public/cm-super/sfti1000.pfb></usr/local/texlive/2021/texmf-di
st/fonts/type1/public/cm-super/sftt1000.pfb>
Output written on paper.pdf (29 pages, 1827841 bytes).
PDF statistics:
 897 PDF objects out of 1000 (max. 8388607)
 764 compressed objects within 8 object streams
 447 named destinations out of 1000 (max. 500000)
 306 words of extra memory for PDF output out of 10000 (max. 10000000)

